# JRE version: OpenJDK Runtime Environment (8.0_152-b01) (build 1.8.0_152-release-1343-b01)
# Java VM: OpenJDK 64-Bit Server VM (25.152-b01 mixed mode windows-amd64 compressed oops)
Heap:
 PSYoungGen      total 223744K, used 59039K [0x00000000e0000000, 0x00000000ef480000, 0x0000000100000000)
  eden space 198656K, 17% used [0x00000000e0000000,0x00000000e212d438,0x00000000ec200000)
  from space 25088K, 99% used [0x00000000ec200000,0x00000000eda7ab98,0x00000000eda80000)
  to   space 26112K, 0% used [0x00000000eda80000,0x00000000eda80000,0x00000000ef400000)
 ParOldGen       total 123904K, used 70429K [0x00000000a0000000, 0x00000000a7900000, 0x00000000e0000000)
  object space 123904K, 56% used [0x00000000a0000000,0x00000000a44c7560,0x00000000a7900000)
 Metaspace       used 90434K, capacity 93937K, committed 94168K, reserved 1130496K
  class space    used 11410K, capacity 12131K, committed 12248K, reserved 1048576K
GC Heap History (10 events):
Event: 380.540 GC heap before
{Heap before GC invocations=22 (full 3):
 PSYoungGen      total 194048K, used 191121K [0x00000000e0000000, 0x00000000eda80000, 0x0000000100000000)
  eden space 169984K, 100% used [0x00000000e0000000,0x00000000ea600000,0x00000000ea600000)
  from space 24064K, 87% used [0x00000000ec000000,0x00000000ed4a4750,0x00000000ed780000)
  to   space 26624K, 0% used [0x00000000ea600000,0x00000000ea600000,0x00000000ec000000)
 ParOldGen       total 123904K, used 63901K [0x00000000a0000000, 0x00000000a7900000, 0x00000000e0000000)
  object space 123904K, 51% used [0x00000000a0000000,0x00000000a3e67580,0x00000000a7900000)
 Metaspace       used 87462K, capacity 90579K, committed 90712K, reserved 1128448K
  class space    used 11142K, capacity 11808K, committed 11864K, reserved 1048576K
Event: 380.609 GC heap after
Heap after GC invocations=22 (full 3):
 PSYoungGen      total 196608K, used 19851K [0x00000000e0000000, 0x00000000ee980000, 0x0000000100000000)
  eden space 169984K, 0% used [0x00000000e0000000,0x00000000e0000000,0x00000000ea600000)
  from space 26624K, 74% used [0x00000000ea600000,0x00000000eb962ec8,0x00000000ec000000)
  to   space 28160K, 0% used [0x00000000ece00000,0x00000000ece00000,0x00000000ee980000)
 ParOldGen       total 123904K, used 63909K [0x00000000a0000000, 0x00000000a7900000, 0x00000000e0000000)
  object space 123904K, 51% used [0x00000000a0000000,0x00000000a3e69580,0x00000000a7900000)
 Metaspace       used 87462K, capacity 90579K, committed 90712K, reserved 1128448K
  class space    used 11142K, capacity 11808K, committed 11864K, reserved 1048576K
}
Event: 383.527 GC heap before
{Heap before GC invocations=23 (full 3):
 PSYoungGen      total 196608K, used 189835K [0x00000000e0000000, 0x00000000ee980000, 0x0000000100000000)
  eden space 169984K, 100% used [0x00000000e0000000,0x00000000ea600000,0x00000000ea600000)
  from space 26624K, 74% used [0x00000000ea600000,0x00000000eb962ec8,0x00000000ec000000)
  to   space 28160K, 0% used [0x00000000ece00000,0x00000000ece00000,0x00000000ee980000)
 ParOldGen       total 123904K, used 63909K [0x00000000a0000000, 0x00000000a7900000, 0x00000000e0000000)
  object space 123904K, 51% used [0x00000000a0000000,0x00000000a3e69580,0x00000000a7900000)
 Metaspace       used 88223K, capacity 91295K, committed 91480K, reserved 1128448K
  class space    used 11176K, capacity 11814K, committed 11864K, reserved 1048576K
Event: 383.547 GC heap after
Heap after GC invocations=23 (full 3):
 PSYoungGen      total 206848K, used 9695K [0x00000000e0000000, 0x00000000ee680000, 0x0000000100000000)
  eden space 181760K, 0% used [0x00000000e0000000,0x00000000e0000000,0x00000000eb180000)
  from space 25088K, 38% used [0x00000000ece00000,0x00000000ed777e90,0x00000000ee680000)
  to   space 27136K, 0% used [0x00000000eb180000,0x00000000eb180000,0x00000000ecc00000)
 ParOldGen       total 123904K, used 63917K [0x00000000a0000000, 0x00000000a7900000, 0x00000000e0000000)
  object space 123904K, 51% used [0x00000000a0000000,0x00000000a3e6b580,0x00000000a7900000)
 Metaspace       used 88223K, capacity 91295K, committed 91480K, reserved 1128448K
  class space    used 11176K, capacity 11814K, committed 11864K, reserved 1048576K
}
Event: 384.640 GC heap before
{Heap before GC invocations=24 (full 3):
 PSYoungGen      total 206848K, used 191455K [0x00000000e0000000, 0x00000000ee680000, 0x0000000100000000)
  eden space 181760K, 100% used [0x00000000e0000000,0x00000000eb180000,0x00000000eb180000)
  from space 25088K, 38% used [0x00000000ece00000,0x00000000ed777e90,0x00000000ee680000)
  to   space 27136K, 0% used [0x00000000eb180000,0x00000000eb180000,0x00000000ecc00000)
 ParOldGen       total 123904K, used 63917K [0x00000000a0000000, 0x00000000a7900000, 0x00000000e0000000)
  object space 123904K, 51% used [0x00000000a0000000,0x00000000a3e6b580,0x00000000a7900000)
 Metaspace       used 88454K, capacity 91539K, committed 91736K, reserved 1128448K
  class space    used 11194K, capacity 11848K, committed 11864K, reserved 1048576K
Event: 384.665 GC heap after
Heap after GC invocations=24 (full 3):
 PSYoungGen      total 208896K, used 11176K [0x00000000e0000000, 0x00000000ef400000, 0x0000000100000000)
  eden space 181760K, 0% used [0x00000000e0000000,0x00000000e0000000,0x00000000eb180000)
  from space 27136K, 41% used [0x00000000eb180000,0x00000000ebc6a1c8,0x00000000ecc00000)
  to   space 26112K, 0% used [0x00000000eda80000,0x00000000eda80000,0x00000000ef400000)
 ParOldGen       total 123904K, used 63917K [0x00000000a0000000, 0x00000000a7900000, 0x00000000e0000000)
  object space 123904K, 51% used [0x00000000a0000000,0x00000000a3e6b580,0x00000000a7900000)
 Metaspace       used 88454K, capacity 91539K, committed 91736K, reserved 1128448K
  class space    used 11194K, capacity 11848K, committed 11864K, reserved 1048576K
}
Event: 385.646 GC heap before
{Heap before GC invocations=25 (full 3):
 PSYoungGen      total 208896K, used 192936K [0x00000000e0000000, 0x00000000ef400000, 0x0000000100000000)
  eden space 181760K, 100% used [0x00000000e0000000,0x00000000eb180000,0x00000000eb180000)
  from space 27136K, 41% used [0x00000000eb180000,0x00000000ebc6a1c8,0x00000000ecc00000)
  to   space 26112K, 0% used [0x00000000eda80000,0x00000000eda80000,0x00000000ef400000)
 ParOldGen       total 123904K, used 63917K [0x00000000a0000000, 0x00000000a7900000, 0x00000000e0000000)
  object space 123904K, 51% used [0x00000000a0000000,0x00000000a3e6b580,0x00000000a7900000)
 Metaspace       used 88550K, capacity 91673K, committed 91736K, reserved 1128448K
  class space    used 11199K, capacity 11849K, committed 11864K, reserved 1048576K
Event: 385.672 GC heap after
Heap after GC invocations=25 (full 3):
 PSYoungGen      total 224768K, used 9000K [0x00000000e0000000, 0x00000000ef480000, 0x0000000100000000)
  eden space 198656K, 0% used [0x00000000e0000000,0x00000000e0000000,0x00000000ec200000)
  from space 26112K, 34% used [0x00000000eda80000,0x00000000ee34a1e8,0x00000000ef400000)
  to   space 25088K, 0% used [0x00000000ec200000,0x00000000ec200000,0x00000000eda80000)
 ParOldGen       total 123904K, used 63917K [0x00000000a0000000, 0x00000000a7900000, 0x00000000e0000000)
  object space 123904K, 51% used [0x00000000a0000000,0x00000000a3e6b580,0x00000000a7900000)
 Metaspace       used 88550K, capacity 91673K, committed 91736K, reserved 1128448K
  class space    used 11199K, capacity 11849K, committed 11864K, reserved 1048576K
}
Event: 387.466 GC heap before
{Heap before GC invocations=26 (full 3):
 PSYoungGen      total 224768K, used 207656K [0x00000000e0000000, 0x00000000ef480000, 0x0000000100000000)
  eden space 198656K, 100% used [0x00000000e0000000,0x00000000ec200000,0x00000000ec200000)
  from space 26112K, 34% used [0x00000000eda80000,0x00000000ee34a1e8,0x00000000ef400000)
  to   space 25088K, 0% used [0x00000000ec200000,0x00000000ec200000,0x00000000eda80000)
 ParOldGen       total 123904K, used 63917K [0x00000000a0000000, 0x00000000a7900000, 0x00000000e0000000)
  object space 123904K, 51% used [0x00000000a0000000,0x00000000a3e6b580,0x00000000a7900000)
 Metaspace       used 90316K, capacity 93793K, committed 93912K, reserved 1130496K
  class space    used 11407K, capacity 12131K, committed 12248K, reserved 1048576K
Event: 387.541 GC heap after
Heap after GC invocations=26 (full 3):
 PSYoungGen      total 223744K, used 25066K [0x00000000e0000000, 0x00000000ef480000, 0x0000000100000000)
  eden space 198656K, 0% used [0x00000000e0000000,0x00000000e0000000,0x00000000ec200000)
  from space 25088K, 99% used [0x00000000ec200000,0x00000000eda7ab98,0x00000000eda80000)
  to   space 26112K, 0% used [0x00000000eda80000,0x00000000eda80000,0x00000000ef400000)
 ParOldGen       total 123904K, used 70429K [0x00000000a0000000, 0x00000000a7900000, 0x00000000e0000000)
  object space 123904K, 56% used [0x00000000a0000000,0x00000000a44c7560,0x00000000a7900000)
 Metaspace       used 90316K, capacity 93793K, committed 93912K, reserved 1130496K
  class space    used 11407K, capacity 12131K, committed 12248K, reserved 1048576K
}

